2026-04-02 15:33:34.502 | INFO     | deepsearch_demo.agents:research:42 - Start research: 2026 Artificial Intelligence Development Trends
2026-04-02 15:33:34.504 | INFO     | deepsearch_demo.agents:generate_report_structure:69 - Generating the report structure based on above query.
2026-04-02 15:33:45.873 | INFO     | deepsearch_demo.agents:generate_report_structure:97 - The report structure has been generated, consisting of 5 paragraphs.
2026-04-02 15:33:45.873 | INFO     | deepsearch_demo.agents:generate_report_structure:101 - 	1. Introduction: The AI Landscape in 2026
2026-04-02 15:33:45.873 | INFO     | deepsearch_demo.agents:generate_report_structure:101 - 	2. Technical Breakthroughs and Core AI Capabilities
2026-04-02 15:33:45.873 | INFO     | deepsearch_demo.agents:generate_report_structure:101 - 	3. Industry Applications and Sector-Specific Transformations
2026-04-02 15:33:45.873 | INFO     | deepsearch_demo.agents:generate_report_structure:101 - 	4. Ethical, Regulatory, and Societal Considerations
2026-04-02 15:33:45.873 | INFO     | deepsearch_demo.agents:generate_report_structure:101 - 	5. Future Outlook and Strategic Implications
2026-04-02 15:33:45.875 | INFO     | deepsearch_demo.agents:first_search:127 - Processing paragraph 1, performing first search.
2026-04-02 15:33:51.946 | INFO     | deepsearch_demo.agents:first_search:142 - A total of 5 search results found
2026-04-02 15:33:51.948 | INFO     | deepsearch_demo.agents:first_summary:160 - Processing paragraph 1, performing first summary.
2026-04-02 15:34:02.537 | INFO     | deepsearch_demo.agents:first_summary:177 - First summary for paragraph 1: As we look toward 2026, the artificial intelligence landscape is defined by a profound shift from experimental technology to a deeply integrated, enterprise-grade driver of value. This evolution is...
2026-04-02 15:34:02.545 | INFO     | deepsearch_demo.agents:reflection:197 - Iterating through paragraph 1, currently on the 1 iteration...
2026-04-02 15:34:07.276 | INFO     | deepsearch_demo.agents:reflection:219 - A total of 5 search results found
2026-04-02 15:34:07.282 | INFO     | deepsearch_demo.agents:reflection_summary:249 - Summarizing paragraph 1, currently on the 1 iteration...
2026-04-02 15:34:22.175 | INFO     | deepsearch_demo.agents:reflection_summary:278 - Summary of 1 iteration paragraph 1: As we look toward 2026, the artificial intelligence landscape is defined by a profound shift from experimental technology to a deeply integrated, enterprise-grade driver of value. This evolution is...
2026-04-02 15:34:22.186 | INFO     | deepsearch_demo.agents:first_search:127 - Processing paragraph 2, performing first search.
2026-04-02 15:34:27.393 | INFO     | deepsearch_demo.agents:first_search:142 - A total of 5 search results found
2026-04-02 15:34:27.395 | INFO     | deepsearch_demo.agents:first_summary:160 - Processing paragraph 2, performing first summary.
2026-04-02 15:34:47.606 | INFO     | deepsearch_demo.agents:first_summary:177 - First summary for paragraph 2: The period from 2024 to 2025 is witnessing a profound evolution in artificial intelligence, characterized by significant technical breakthroughs that are expanding the core capabilities of AI...
2026-04-02 15:34:47.623 | INFO     | deepsearch_demo.agents:reflection:197 - Iterating through paragraph 2, currently on the 1 iteration...
2026-04-02 15:34:56.951 | INFO     | deepsearch_demo.agents:reflection:219 - A total of 5 search results found
2026-04-02 15:34:56.957 | INFO     | deepsearch_demo.agents:reflection_summary:249 - Summarizing paragraph 2, currently on the 1 iteration...
2026-04-02 15:35:20.738 | INFO     | deepsearch_demo.agents:reflection_summary:278 - Summary of 1 iteration paragraph 2: The period from 2024 to 2025 is witnessing a profound evolution in artificial intelligence, characterized by significant technical breakthroughs that are expanding the core capabilities of AI...
2026-04-02 15:35:20.742 | INFO     | deepsearch_demo.agents:first_search:127 - Processing paragraph 3, performing first search.
2026-04-02 15:35:30.811 | INFO     | deepsearch_demo.agents:first_search:142 - A total of 5 search results found
2026-04-02 15:35:30.813 | INFO     | deepsearch_demo.agents:first_summary:160 - Processing paragraph 3, performing first summary.
2026-04-02 15:35:52.949 | INFO     | deepsearch_demo.agents:first_summary:177 - First summary for paragraph 3: Artificial intelligence is no longer a futuristic concept but a present-day catalyst for profound sector-specific transformations. Its adoption is reshaping core business models and operational...
2026-04-02 15:35:52.956 | INFO     | deepsearch_demo.agents:reflection:197 - Iterating through paragraph 3, currently on the 1 iteration...
2026-04-02 15:36:00.784 | INFO     | deepsearch_demo.agents:reflection:219 - A total of 5 search results found
2026-04-02 15:36:00.790 | INFO     | deepsearch_demo.agents:reflection_summary:249 - Summarizing paragraph 3, currently on the 1 iteration...
2026-04-02 15:36:23.000 | INFO     | deepsearch_demo.agents:reflection_summary:278 - Summary of 1 iteration paragraph 3: Artificial intelligence is no longer a futuristic concept but a present-day catalyst for profound sector-specific transformations. Its adoption is reshaping core business models and operational...
2026-04-02 15:36:23.009 | INFO     | deepsearch_demo.agents:reflection:197 - Iterating through paragraph 3, currently on the 2 iteration...
2026-04-02 15:36:31.984 | INFO     | deepsearch_demo.agents:reflection:219 - A total of 5 search results found
2026-04-02 15:36:31.990 | INFO     | deepsearch_demo.agents:reflection_summary:249 - Summarizing paragraph 3, currently on the 2 iteration...
2026-04-02 15:36:54.425 | INFO     | deepsearch_demo.agents:reflection_summary:278 - Summary of 2 iteration paragraph 3: Artificial intelligence is no longer a futuristic concept but a present-day catalyst for profound sector-specific transformations. Its adoption is reshaping core business models and operational...
2026-04-02 15:36:54.436 | INFO     | deepsearch_demo.agents:first_search:127 - Processing paragraph 4, performing first search.
2026-04-02 15:36:59.252 | INFO     | deepsearch_demo.agents:first_search:142 - A total of 5 search results found
2026-04-02 15:36:59.255 | INFO     | deepsearch_demo.agents:first_summary:160 - Processing paragraph 4, performing first summary.
2026-04-02 15:37:09.364 | INFO     | deepsearch_demo.agents:first_summary:177 - First summary for paragraph 4: The rapid advancement of artificial intelligence necessitates robust ethical, regulatory, and societal frameworks to guide its development and deployment. Emerging ethical frameworks, such as those...
2026-04-02 15:37:09.378 | INFO     | deepsearch_demo.agents:reflection:197 - Iterating through paragraph 4, currently on the 1 iteration...
2026-04-02 15:37:18.693 | INFO     | deepsearch_demo.agents:reflection:219 - A total of 5 search results found
2026-04-02 15:37:18.699 | INFO     | deepsearch_demo.agents:reflection_summary:249 - Summarizing paragraph 4, currently on the 1 iteration...
2026-04-02 15:37:29.754 | INFO     | deepsearch_demo.agents:reflection_summary:278 - Summary of 1 iteration paragraph 4: The rapid advancement of artificial intelligence necessitates robust ethical, regulatory, and societal frameworks to guide its development and deployment. Emerging ethical frameworks, such as those...
2026-04-02 15:37:29.760 | INFO     | deepsearch_demo.agents:reflection:197 - Iterating through paragraph 4, currently on the 2 iteration...
2026-04-02 15:37:35.777 | INFO     | deepsearch_demo.agents:reflection:219 - A total of 5 search results found
2026-04-02 15:37:35.782 | INFO     | deepsearch_demo.agents:reflection_summary:249 - Summarizing paragraph 4, currently on the 2 iteration...
2026-04-02 15:37:53.713 | INFO     | deepsearch_demo.agents:reflection_summary:278 - Summary of 2 iteration paragraph 4: The rapid advancement of artificial intelligence necessitates robust ethical, regulatory, and societal frameworks to guide its development and deployment. Emerging ethical frameworks, such as those...
2026-04-02 15:37:53.719 | INFO     | deepsearch_demo.agents:reflection:197 - Iterating through paragraph 4, currently on the 3 iteration...
2026-04-02 15:38:01.585 | INFO     | deepsearch_demo.agents:reflection:219 - A total of 5 search results found
2026-04-02 15:38:01.590 | INFO     | deepsearch_demo.agents:reflection_summary:249 - Summarizing paragraph 4, currently on the 3 iteration...
2026-04-02 15:38:35.628 | INFO     | deepsearch_demo.agents:reflection_summary:278 - Summary of 3 iteration paragraph 4: The rapid advancement of artificial intelligence necessitates robust ethical, regulatory, and societal frameworks to guide its development and deployment. Emerging ethical frameworks, such as those...
2026-04-02 15:38:35.634 | INFO     | deepsearch_demo.agents:first_search:127 - Processing paragraph 5, performing first search.
2026-04-02 15:38:41.211 | INFO     | deepsearch_demo.agents:first_search:142 - A total of 5 search results found
2026-04-02 15:38:41.214 | INFO     | deepsearch_demo.agents:first_summary:160 - Processing paragraph 5, performing first summary.
2026-04-02 15:38:54.659 | INFO     | deepsearch_demo.agents:first_summary:177 - First summary for paragraph 5: Looking beyond 2026, the long-term trajectory of artificial intelligence points toward its evolution into a fundamental, ubiquitous infrastructure, reshaping the strategic calculus for both...
2026-04-02 15:38:54.667 | INFO     | deepsearch_demo.agents:reflection:197 - Iterating through paragraph 5, currently on the 1 iteration...
2026-04-02 15:38:59.480 | INFO     | deepsearch_demo.agents:reflection:219 - A total of 5 search results found
2026-04-02 15:38:59.485 | INFO     | deepsearch_demo.agents:reflection_summary:249 - Summarizing paragraph 5, currently on the 1 iteration...
2026-04-02 15:39:23.230 | INFO     | deepsearch_demo.agents:reflection_summary:278 - Summary of 1 iteration paragraph 5: Looking beyond 2026, the long-term trajectory of artificial intelligence points toward its evolution into a fundamental, ubiquitous infrastructure, reshaping the strategic calculus for both...
2026-04-02 15:39:23.236 | INFO     | deepsearch_demo.agents:reflection:197 - Iterating through paragraph 5, currently on the 2 iteration...
2026-04-02 15:39:31.495 | INFO     | deepsearch_demo.agents:reflection:219 - A total of 5 search results found
2026-04-02 15:39:31.500 | INFO     | deepsearch_demo.agents:reflection_summary:249 - Summarizing paragraph 5, currently on the 2 iteration...
2026-04-02 15:39:54.723 | INFO     | deepsearch_demo.agents:reflection_summary:278 - Summary of 2 iteration paragraph 5: Looking beyond 2026, the long-term trajectory of artificial intelligence points toward its evolution into a fundamental, ubiquitous infrastructure, reshaping the strategic calculus for both...
2026-04-02 15:39:54.731 | INFO     | deepsearch_demo.agents:reflection:197 - Iterating through paragraph 5, currently on the 3 iteration...
2026-04-02 15:40:00.499 | INFO     | deepsearch_demo.agents:reflection:219 - A total of 5 search results found
2026-04-02 15:40:00.505 | INFO     | deepsearch_demo.agents:reflection_summary:249 - Summarizing paragraph 5, currently on the 3 iteration...
2026-04-02 15:40:23.822 | INFO     | deepsearch_demo.agents:reflection_summary:278 - Summary of 3 iteration paragraph 5: Looking beyond 2026, the long-term trajectory of artificial intelligence points toward its evolution into a fundamental, ubiquitous infrastructure, reshaping the strategic calculus for both...
2026-04-02 15:40:23.824 | INFO     | deepsearch_demo.agents:generate_final_report:326 - Final report generation is in progress...
